<?xml version="1.0" encoding="UTF-8"?>
<!-- Generated by org.testng.reporters.JUnitReportReporter -->
<testsuite skipped="0" hostname="DESKTOP-69OQC4Q" name="com.zerodha.qa.loginTest.UNTestClassUserVerify" tests="1" failures="0" timestamp="2022-05-20T08:43:55 IST" time="38.721" errors="0">
  <testcase name="userVerify" time="38.721" classname="com.zerodha.qa.loginTest.UNTestClassUserVerify"/>
  <system-out/>
</testsuite> <!-- com.zerodha.qa.loginTest.UNTestClassUserVerify -->
